Bangladesh 27 13 19
Armenia 27 3 12
Italy 26 25 15
Spain 26 12 21
Bolivia 26 10 13
Guinea-Bissau 25 20 13
Wurttemberg 25 7 27
Nauru 24 19 1
Czechia 24 4 23
Eswatini 24 1 23
Iran 23 27 18
Sudan 23 24 3
Chinese 23 22 22
Germany 22 1 3
OrangeFreeState 21 21 18
Korea 21 12 11
Afghanistan 20 13 15
Qatar 20 10 18
Bahrain 19 23 17
Iceland 19 18 4
Azerbaijan 19 7 12
Australia 18 8 4
Palau 17 27 26
Namibia 16 21 8
UnionofSovietSocialistRepublics 15 14 9
Malta 15 13 1
Lesotho 14 25 9
KingdomofSerbia 13 21 23
Angola 13 13 17
Schaumburg-Lippe 13 4 12
Yemen 12 24 4
GrandDuchyofTuscany 10 26 27
Mali 10 5 21
Eritrea 9 13 12
Burundi 8 8 27
Hesse 8 7 24
Lithuania 8 5 8
Nigeria 7 25 7
Mecklenburg-Schwerin 7 5 1
Bahamas 7 1 26
SriLanka 6 10 5
Malaysia 6 1 16
Grenada 5 8 24
Turkmenistan 4 17 6
Kenya 4 8 13
Norway 3 14 2
Kuwait 2 24 5
Latvia 2 4 18
Algeria 1 12 16
Slovakia 1 3 3
