Czechia 27 21 19
Uganda 27 19 19
Argentina 27 16 21
Italy 27 6 6
CongoFreeState 26 26 27
DominicanRepublic 26 24 11
SaintLucia 26 16 14
Piedmont-Sardinia 26 11 12
Bahrain 26 6 26
Kuwait 26 5 3
Indonesia 26 2 18
SolomonIslands 25 21 26
GrandDuchyofTuscany 25 19 8
India 25 5 10
Mali 25 5 4
Lithuania 25 2 21
Liechtenstein 25 2 1
Slovakia 24 3 20
SriLanka 23 25 3
Syria 23 13 10
AntiguaandBarbuda 23 11 5
SaoTomeandPrincipe 22 25 11
Paraguay 22 19 9
Tajikistan 22 15 25
NorthMacedonia 22 1 8
BrunswickandLuneburg 21 18 1
RepublicofGenoa 21 11 17
CaboVerde 21 6 7
Finland 20 27 4
China 20 11 7
Latvia 20 8 24
Rwanda 20 1 6
Eritrea 19 23 7
Nassau 19 22 1
Thailand 19 20 15
Venezuela 19 19 21
Ecuador 19 19 14
RepublicoftheCongo 19 18 21
Turkey 19 3 20
TwoSicilies 18 27 1
Iraq 18 18 13
Burundi 18 10 27
TrinidadandTobago 18 4 12
Schaumburg-Lippe 17 23 8
SanMarino 17 23 7
Jordan 17 20 4
Singapore 17 19 3
Baden 16 27 21
PapuaNewGuinea 16 3 17
Mecklenburg-Strelitz 15 21 22
Nigeria 15 18 11
PapalStates 15 16 16
CentralAfricanRepublic 15 13 14
Kyrgyzstan 15 8 8
Nauru 14 20 20
Russia 13 26 16
Brunei 13 22 14
Luxembourg 13 20 16
Austria 13 14 21
Belarus 13 9 4
Iran 13 7 11
Hawaii 12 21 14
Vanuatu 12 1 7
Panama 11 22 22
UnitedKingdom 11 13 10
Palau 11 12 17
Tuvalu 10 17 18
Netherlands 10 16 13
Niger 10 13 17
Uzbekistan 10 3 19
Honduras 9 21 9
Somalia 8 20 12
Seychelles 8 17 4
Oman 8 15 4
Lesotho 8 8 18
Bavaria 8 5 21
BurkinaFaso 8 2 6
EquatorialGuinea 7 23 14
DemocraticRepublicoftheCongo 7 20 24
Oldenburg 7 16 2
Angola 7 6 22
Kazakhstan 6 26 1
Philippines 6 22 2
Qatar 6 6 7
Monaco 5 22 16
Greece 5 20 22
Georgia 5 16 9
Dominica 5 15 7
Senegal 5 9 6
Germany 5 6 3
Peru 5 4 4
LewChew 4 26 10
Liberia 4 1 15
Mexico 4 1 13
Romania 3 17 11
Togo 2 10 23
KingdomofSerbia 1 20 16
Uruguay 1 15 23
Spain 1 11 7
Sudan 1 1 20
