Turkey 27 24 18
Morocco 27 22 6
Malta 27 20 20
Panama 27 19 17
Barbados 27 15 26
Cyprus 27 1 26
Iceland 26 25 26
Eswatini 26 25 14
Namibia 26 24 18
Thailand 26 21 27
UnionofSovietSocialistRepublics 26 7 12
SriLanka 26 6 20
Sudan 26 5 5
Hesse 25 27 17
SierraLeone 25 24 13
Nigeria 25 22 19
Comoros 25 16 12
Switzerland 25 13 20
CaymanIslands 25 12 11
CentralAfricanRepublic 25 11 23
Grenada 25 9 8
RepublicoftheCongo 25 2 9
Benin 25 1 22
NorthGermanUnion 24 24 18
Egypt 24 19 23
Hanover 24 16 14
Malawi 24 12 18
Micronesia 24 7 3
SouthAfrica 24 6 20
UnitedArabEmirates 24 4 26
DominicanRepublic 24 2 15
Kenya 23 27 26
Andorra 23 27 22
Afghanistan 23 26 18
Schaumburg-Lippe 23 25 24
Uzbekistan 23 12 12
Indonesia 23 8 21
Libya 23 5 20
Argentina 23 4 14
Portugal 23 2 3
Mecklenburg-Schwerin 22 26 8
Zimbabwe 22 25 7
ElSalvador 22 23 27
Ukraine 22 20 12
Singapore 22 18 6
Baden 22 11 20
Lebanon 22 6 8
Botswana 22 5 22
Monaco 21 27 20
Ireland 21 26 22
Algeria 21 23 26
CotedIvoire 21 20 7
Moldova 21 19 12
SaintKittsandNevis 21 17 25
Bahrain 21 17 11
AntiguaandBarbuda 21 15 13
Kazakhstan 21 7 20
Finland 21 5 14
Seychelles 21 1 21
Romania 20 25 11
MarshallIslands 20 19 5
Ghana 20 16 2
AustrianEmpire 20 12 17
Burundi 20 9 6
Chile 20 8 7
SaintVincentandtheGrenadines 20 8 1
Belize 20 4 23
Mexico 20 3 4
Gabon 19 27 4
Honduras 19 26 4
RepublicofKorea 19 19 3
China 19 18 24
Bangladesh 19 17 19
SaoTomeandPrincipe 19 17 11
GrandDuchyofTuscany 19 12 3
Tanzania 19 11 26
Guinea-Bissau 19 6 7
BurkinaFaso 19 2 6
Paraguay 18 25 6
SanMarino 18 25 4
BosniaandHerzegovina 18 15 16
Vanuatu 18 15 9
Tuvalu 18 8 11
Samoa 18 7 9
Hungary 18 6 13
Tonga 18 2 26
GreatBritain 18 2 16
Lithuania 18 2 16
NorthGermanConfederation 17 27 6
Togo 17 26 11
Bahamas 17 26 10
Madagascar 17 24 20
Nauru 17 24 5
Azerbaijan 17 23 22
Serbia 17 22 2
TrinidadandTobago 17 20 22
Djibouti 17 19 17
Bavaria 17 13 21
Mongolia 17 5 8
Uganda 17 3 7
Chad 16 27 8
Haiti 16 26 25
Liechtenstein 16 25 26
CongoFreeState 16 25 7
CzechRepublic 16 24 26
Mozambique 16 23 16
Croatia 16 22 27
NewZealand 16 22 22
Kuwait 16 16 23
Fiji 16 16 5
DemocraticRepublicoftheCongo 16 14 12
Uruguay 16 11 18
Rwanda 16 8 7
Nicaragua 16 6 14
Hawaii 15 26 14
Lesotho 15 23 4
Bolivia 15 22 11
Wurttemberg 15 21 27
SaintLucia 15 17 11
OrangeFreeState 15 14 16
Tajikistan 15 9 17
Israel 15 6 3
Belarus 15 5 16
CaboVerde 15 4 12
Mali 15 4 8
Bulgaria 15 3 5
Kosovo 14 25 25
Jordan 14 23 12
CentralAmericanFederation 14 17 15
Nepal 14 16 18
PapalStates 14 14 19
Dominica 14 12 8
Chinese 14 9 23
Texas 13 27 25
Qatar 13 18 9
Oman 13 12 4
India 13 10 27
Iraq 13 4 13
Estonia 12 27 23
Palau 12 24 3
Angola 12 17 10
Poland 12 16 24
Iran 12 9 16
Laos 11 20 3
EastGermany 11 12 17
Armenia 11 10 8
Kyrgyzstan 11 9 17
SaudiArabia 11 9 3
Yemen 11 9 2
Timor-Leste 11 7 20
Ecuador 10 27 16
Piedmont-Sardinia 10 26 13
UnitedKingdom 10 17 5
Pakistan 10 14 11
Venezuela 10 9 21
Canada 10 8 8
Cuba 9 25 21
Senegal 9 22 13
Zambia 9 15 16
Mauritius 9 14 10
Oldenburg 9 13 14
Maldives 9 7 20
Spain 9 4 25
Netherlands 9 4 13
Guinea 9 3 20
Slovakia 9 2 26
Nassau 9 2 15
Slovenia 9 2 9
Albania 8 24 15
FederalGovernmentofGermany 8 22 20
Gambia 8 22 7
Colombia 8 18 5
CostaRica 8 12 25
Philippines 8 10 6
Belgium 8 9 2
Eritrea 8 6 27
Montenegro 8 1 20
Ethiopia 7 24 26
Liberia 7 21 25
Czechia 7 21 24
Brazil 7 20 7
TwoSicilies 7 14 23
DuchyofParma 7 12 13
Mauritania 7 11 3
PapuaNewGuinea 7 3 2
SouthSudan 6 19 22
Brunei 6 16 3
Japan 6 14 15
France 6 13 6
NorthMacedonia 6 10 21
Cameroon 6 10 17
RepublicofGenoa 6 8 13
LewChew 6 3 2
Turkmenistan 6 2 7
Jamaica 5 26 19
Vietnam 5 25 26
Peru 5 19 17
Somalia 5 18 24
Burma 5 16 27
HolySee 5 15 14
Italy 5 12 8
Tunisia 4 26 1
EquatorialGuinea 4 22 11
Latvia 4 9 27
Luxembourg 4 4 11
Guatemala 4 3 8
Czechoslovakia 4 3 6
SolomonIslands 3 21 19
Korea 3 17 18
Cambodia 3 15 18
Norway 3 15 12
Sweden 3 13 8
BrunswickandLuneburg 3 13 2
Suriname 3 12 7
Georgia 3 1 19
Greece 2 27 2
Russia 2 26 13
Niger 2 20 4
Mecklenburg-Strelitz 2 19 2
Kiribati 1 26 7
KingdomofSerbia 1 26 4
Malaysia 1 25 10
Australia 1 22 19
Denmark 1 20 11
HanseaticRepublics 1 19 18
Germany 1 14 23
Guyana 1 12 5
CzechRespublic 1 11 10
Syria 1 11 8
Austria 1 3 19
