0 -> 35 -> \
1 -> 71 -> \
2 -> \
3 -> 3 -> 108 -> 73 -> \
4 -> 179 -> 109 -> \
5 -> 40 -> 145 -> \
6 -> 76 -> 111 -> \
7 -> 147 -> \
8 -> 78 -> 148 -> 113 -> \
9 -> \
10 -> \
11 -> 186 -> 116 -> 11 -> \
12 -> 12 -> \
13 -> 48 -> \
14 -> \
15 -> 15 -> 190 -> 120 -> 50 -> \
16 -> 51 -> \
17 -> \
18 -> 193 -> \
19 -> \
20 -> 195 -> 125 -> 55 -> \
21 -> \
22 -> 22 -> \
23 -> 58 -> 23 -> \
24 -> 24 -> \
25 -> 130 -> 95 -> \
26 -> \
27 -> 132 -> \
28 -> 63 -> 98 -> \
29 -> 64 -> 99 -> 169 -> \
30 -> 135 -> 65 -> \
31 -> 66 -> 171 -> 136 -> \
32 -> \
33 -> 138 -> 173 -> \
34 -> \
